<?xml version="1.0" encoding="UTF-8"?>
<testsuites name="Mocha Tests" time="0.066" tests="3" failures="0">
  <testsuite name="Root Suite" timestamp="2018-10-29T01:15:55" tests="0" failures="0" time="0">
  </testsuite>
  <testsuite name="Trivial Application" timestamp="2018-10-29T01:15:55" tests="0" file="/Users/eugenechoe/sandbox/choe.io/.tmp/mocha-webpack/ci.spec.js" failures="0" time="0">
  </testsuite>
  <testsuite name="Button" timestamp="2018-10-29T01:15:55" tests="3" file="/Users/eugenechoe/sandbox/choe.io/.tmp/mocha-webpack/ci.spec.js" failures="0" time="0.066">
    <testcase name="Trivial Application Button toggles text state on click" time="0.047" classname="toggles text state on click">
    </testcase>
    <testcase name="Trivial Application Button should display text when clicked" time="0.011" classname="should display text when clicked">
    </testcase>
    <testcase name="Trivial Application Button should take a little time" time="0.008" classname="should take a little time">
    </testcase>
  </testsuite>
</testsuites>